2016-08-30 10:29:44 =SUPERVISOR REPORT====
     Supervisor: {local,'Elixir.Logger.Supervisor'}
     Context:    child_terminated
     Reason:     normal
     Offender:   [{pid,<0.164.0>},{id,'Elixir.Logger.ErrorHandler'},{mfargs,{'Elixir.Logger.Watcher',watcher,[error_logger,'Elixir.Logger.ErrorHandler',{true,false,500},link]}},{restart_type,permanent},{shutdown,5000},{child_type,worker}]

2016-08-30 10:31:35 =SUPERVISOR REPORT====
     Supervisor: {local,'Elixir.Logger.Supervisor'}
     Context:    child_terminated
     Reason:     normal
     Offender:   [{pid,<0.164.0>},{id,'Elixir.Logger.ErrorHandler'},{mfargs,{'Elixir.Logger.Watcher',watcher,[error_logger,'Elixir.Logger.ErrorHandler',{true,false,500},link]}},{restart_type,permanent},{shutdown,5000},{child_type,worker}]

2016-08-30 10:32:25 =SUPERVISOR REPORT====
     Supervisor: {local,'Elixir.Logger.Supervisor'}
     Context:    child_terminated
     Reason:     normal
     Offender:   [{pid,<0.164.0>},{id,'Elixir.Logger.ErrorHandler'},{mfargs,{'Elixir.Logger.Watcher',watcher,[error_logger,'Elixir.Logger.ErrorHandler',{true,false,500},link]}},{restart_type,permanent},{shutdown,5000},{child_type,worker}]

2016-08-30 10:33:00 =SUPERVISOR REPORT====
     Supervisor: {local,'Elixir.Logger.Supervisor'}
     Context:    child_terminated
     Reason:     normal
     Offender:   [{pid,<0.164.0>},{id,'Elixir.Logger.ErrorHandler'},{mfargs,{'Elixir.Logger.Watcher',watcher,[error_logger,'Elixir.Logger.ErrorHandler',{true,false,500},link]}},{restart_type,permanent},{shutdown,5000},{child_type,worker}]

2016-08-30 10:33:39 =SUPERVISOR REPORT====
     Supervisor: {local,'Elixir.Logger.Supervisor'}
     Context:    child_terminated
     Reason:     normal
     Offender:   [{pid,<0.164.0>},{id,'Elixir.Logger.ErrorHandler'},{mfargs,{'Elixir.Logger.Watcher',watcher,[error_logger,'Elixir.Logger.ErrorHandler',{true,false,500},link]}},{restart_type,permanent},{shutdown,5000},{child_type,worker}]

2016-08-30 10:34:30 =SUPERVISOR REPORT====
     Supervisor: {local,'Elixir.Logger.Supervisor'}
     Context:    child_terminated
     Reason:     normal
     Offender:   [{pid,<0.164.0>},{id,'Elixir.Logger.ErrorHandler'},{mfargs,{'Elixir.Logger.Watcher',watcher,[error_logger,'Elixir.Logger.ErrorHandler',{true,false,500},link]}},{restart_type,permanent},{shutdown,5000},{child_type,worker}]

2016-08-30 10:35:41 =SUPERVISOR REPORT====
     Supervisor: {local,'Elixir.Logger.Supervisor'}
     Context:    child_terminated
     Reason:     normal
     Offender:   [{pid,<0.164.0>},{id,'Elixir.Logger.ErrorHandler'},{mfargs,{'Elixir.Logger.Watcher',watcher,[error_logger,'Elixir.Logger.ErrorHandler',{true,false,500},link]}},{restart_type,permanent},{shutdown,5000},{child_type,worker}]

2016-08-30 10:38:59 =SUPERVISOR REPORT====
     Supervisor: {local,'Elixir.Logger.Supervisor'}
     Context:    child_terminated
     Reason:     normal
     Offender:   [{pid,<0.164.0>},{id,'Elixir.Logger.ErrorHandler'},{mfargs,{'Elixir.Logger.Watcher',watcher,[error_logger,'Elixir.Logger.ErrorHandler',{true,false,500},link]}},{restart_type,permanent},{shutdown,5000},{child_type,worker}]

2016-08-30 10:39:32 =SUPERVISOR REPORT====
     Supervisor: {local,'Elixir.Logger.Supervisor'}
     Context:    child_terminated
     Reason:     normal
     Offender:   [{pid,<0.164.0>},{id,'Elixir.Logger.ErrorHandler'},{mfargs,{'Elixir.Logger.Watcher',watcher,[error_logger,'Elixir.Logger.ErrorHandler',{true,false,500},link]}},{restart_type,permanent},{shutdown,5000},{child_type,worker}]

2016-08-30 10:40:20 =SUPERVISOR REPORT====
     Supervisor: {local,'Elixir.Logger.Supervisor'}
     Context:    child_terminated
     Reason:     normal
     Offender:   [{pid,<0.164.0>},{id,'Elixir.Logger.ErrorHandler'},{mfargs,{'Elixir.Logger.Watcher',watcher,[error_logger,'Elixir.Logger.ErrorHandler',{true,false,500},link]}},{restart_type,permanent},{shutdown,5000},{child_type,worker}]

2016-08-30 10:40:57 =SUPERVISOR REPORT====
     Supervisor: {local,'Elixir.Logger.Supervisor'}
     Context:    child_terminated
     Reason:     normal
     Offender:   [{pid,<0.164.0>},{id,'Elixir.Logger.ErrorHandler'},{mfargs,{'Elixir.Logger.Watcher',watcher,[error_logger,'Elixir.Logger.ErrorHandler',{true,false,500},link]}},{restart_type,permanent},{shutdown,5000},{child_type,worker}]

2016-08-30 10:41:16 =SUPERVISOR REPORT====
     Supervisor: {local,'Elixir.Logger.Supervisor'}
     Context:    child_terminated
     Reason:     normal
     Offender:   [{pid,<0.164.0>},{id,'Elixir.Logger.ErrorHandler'},{mfargs,{'Elixir.Logger.Watcher',watcher,[error_logger,'Elixir.Logger.ErrorHandler',{true,false,500},link]}},{restart_type,permanent},{shutdown,5000},{child_type,worker}]

2016-08-30 10:43:53 =SUPERVISOR REPORT====
     Supervisor: {local,'Elixir.Logger.Supervisor'}
     Context:    child_terminated
     Reason:     normal
     Offender:   [{pid,<0.164.0>},{id,'Elixir.Logger.ErrorHandler'},{mfargs,{'Elixir.Logger.Watcher',watcher,[error_logger,'Elixir.Logger.ErrorHandler',{true,false,500},link]}},{restart_type,permanent},{shutdown,5000},{child_type,worker}]

2016-08-30 10:44:17 =SUPERVISOR REPORT====
     Supervisor: {local,'Elixir.Logger.Supervisor'}
     Context:    child_terminated
     Reason:     normal
     Offender:   [{pid,<0.164.0>},{id,'Elixir.Logger.ErrorHandler'},{mfargs,{'Elixir.Logger.Watcher',watcher,[error_logger,'Elixir.Logger.ErrorHandler',{true,false,500},link]}},{restart_type,permanent},{shutdown,5000},{child_type,worker}]

2016-08-30 10:45:36 =SUPERVISOR REPORT====
     Supervisor: {local,'Elixir.Logger.Supervisor'}
     Context:    child_terminated
     Reason:     normal
     Offender:   [{pid,<0.164.0>},{id,'Elixir.Logger.ErrorHandler'},{mfargs,{'Elixir.Logger.Watcher',watcher,[error_logger,'Elixir.Logger.ErrorHandler',{true,false,500},link]}},{restart_type,permanent},{shutdown,5000},{child_type,worker}]

2016-08-30 10:46:18 =SUPERVISOR REPORT====
     Supervisor: {local,'Elixir.Logger.Supervisor'}
     Context:    child_terminated
     Reason:     normal
     Offender:   [{pid,<0.164.0>},{id,'Elixir.Logger.ErrorHandler'},{mfargs,{'Elixir.Logger.Watcher',watcher,[error_logger,'Elixir.Logger.ErrorHandler',{true,false,500},link]}},{restart_type,permanent},{shutdown,5000},{child_type,worker}]

2016-08-30 10:47:14 =SUPERVISOR REPORT====
     Supervisor: {local,'Elixir.Logger.Supervisor'}
     Context:    child_terminated
     Reason:     normal
     Offender:   [{pid,<0.164.0>},{id,'Elixir.Logger.ErrorHandler'},{mfargs,{'Elixir.Logger.Watcher',watcher,[error_logger,'Elixir.Logger.ErrorHandler',{true,false,500},link]}},{restart_type,permanent},{shutdown,5000},{child_type,worker}]

2016-08-31 10:28:02 =SUPERVISOR REPORT====
     Supervisor: {local,'Elixir.Logger.Supervisor'}
     Context:    child_terminated
     Reason:     normal
     Offender:   [{pid,<0.164.0>},{id,'Elixir.Logger.ErrorHandler'},{mfargs,{'Elixir.Logger.Watcher',watcher,[error_logger,'Elixir.Logger.ErrorHandler',{true,false,500},link]}},{restart_type,permanent},{shutdown,5000},{child_type,worker}]

2016-08-31 10:29:10 =SUPERVISOR REPORT====
     Supervisor: {local,'Elixir.Logger.Supervisor'}
     Context:    child_terminated
     Reason:     normal
     Offender:   [{pid,<0.164.0>},{id,'Elixir.Logger.ErrorHandler'},{mfargs,{'Elixir.Logger.Watcher',watcher,[error_logger,'Elixir.Logger.ErrorHandler',{true,false,500},link]}},{restart_type,permanent},{shutdown,5000},{child_type,worker}]

